INFO:     Started server process [39955]
INFO:     Waiting for application startup.
🚀 Initializing database...
alembic
INFO  [alembic.runtime.migration] Context impl SQLiteImpl.
INFO  [alembic.runtime.migration] Will assume non-transactional DDL.
Initialized database.
✅ Database initialized successfully
🚀 BACKGROUND THREAD: Starting analysis 8280a719-28cc-4bc5-bc8a-62955c819821
   Analysis name: f
   Total domains: 40
📝 Updating status to RUNNING...
✅ Status updated to RUNNING
🔍 Initializing DataExtractor...
✅ DataExtractor initialized
📊 Starting data extraction for 40 domains...

Extracting data for analysis 8280a719-28cc-4bc5-bc8a-62955c819821...
Initializing database...
Database initialized successfully!
Target domains: ['nachonacho.com', 'ripenapps.com', 'appypieautomate.ai', 'quinto-poder.mx', 'entrelineas.com.mx', 'freim.tv', 'diariochaco.com', 'viveusa.mx', 'tynmagazine.com', 'elboletin.com', 'lahora.gt', 'diariobitcoin.com', 'mundiario.com', 'perfil.com', 'elchubut.com.ar', 'lagaceta.com.ar', 'quadratin.com.mx', 'elbierzo.eldiario.es', 'sortea2.com', 'it-boltwise.de', 'innovaspain.com', 'kb.pl', 'capital.es', 'vein.es', 'brald.com', 'kinderzeitmaschine.de', 'tecnoempleo.com', 'depoint.pl', 'kinderweltreise.de', 'dziennik.com', 'wyborcza.pl', 'bilgoraj.com.pl', 'ino.online', 'gostynin24.pl', 'gostyn24.pl', 'elpradopsicologos.es', 'webmasto.com', 'a24.com', 'mybank.pl', 'yenimarmaragazetesi.com']
🔍 Large batch detected (40 domains). Splitting into chunks of 10...
📦 Processing chunk 1/4 (10 domains)...

Saving results to cache...
Results saved to cache file: cache/_batch-analysis_batch-analysis_20251104_180739.json
✅ Chunk 1/4 completed
📦 Processing chunk 2/4 (10 domains)...

Saving results to cache...
Results saved to cache file: cache/_batch-analysis_batch-analysis_20251104_180740.json
✅ Chunk 2/4 completed
📦 Processing chunk 3/4 (10 domains)...

Saving results to cache...
Results saved to cache file: cache/_batch-analysis_batch-analysis_20251104_180740.json
✅ Chunk 3/4 completed
📦 Processing chunk 4/4 (10 domains)...

Saving results to cache...
Results saved to cache file: cache/_batch-analysis_batch-analysis_20251104_180740.json
✅ Chunk 4/4 completed
✅ All chunks completed! Total results: 40
💾 Saving batch analysis to database...
Get domain lang for nachonacho.com
Get domain lang for ripenapps.com
Get domain lang for appypieautomate.ai
Get domain lang for quinto-poder.mx
Get domain lang for entrelineas.com.mx
Get domain lang for freim.tv
Get domain lang for diariochaco.com
Get domain lang for viveusa.mx
Get domain lang for tynmagazine.com
Get domain lang for elboletin.com
Get domain lang for lahora.gt
Get domain lang for diariobitcoin.com
Get domain lang for mundiario.com
Get domain lang for perfil.com
Get domain lang for elchubut.com.ar
Get domain lang for lagaceta.com.ar
Get domain lang for quadratin.com.mx
Get domain lang for elbierzo.eldiario.es
Get domain lang for sortea2.com
Get domain lang for it-boltwise.de
Get domain lang for innovaspain.com
Get domain lang for kb.pl
Get domain lang for capital.es
Get domain lang for vein.es
Get domain lang for brald.com
Get domain lang for kinderzeitmaschine.de
Get domain lang for tecnoempleo.com
Get domain lang for depoint.pl
Get domain lang for kinderweltreise.de
Get domain lang for dziennik.com
Get domain lang for wyborcza.pl
Get domain lang for bilgoraj.com.pl
Get domain lang for ino.online
Get domain lang for gostynin24.pl
Get domain lang for gostyn24.pl
Get domain lang for elpradopsicologos.es
Get domain lang for webmasto.com
Get domain lang for a24.com
Get domain lang for mybank.pl
Get domain lang for yenimarmaragazetesi.com
Domain: ripenapps.com, lang: en
Domain: mybank.pl, lang: pl
Domain: quadratin.com.mx, lang: es
Domain: elpradopsicologos.es, lang: es
Domain: dziennik.com, lang: pl
Domain: webmasto.com, lang: tr
Domain: kb.pl, lang: pl
Domain: quinto-poder.mx, lang: es
Domain: ino.online, lang: pl
Domain: diariochaco.com, lang: es
Domain: freim.tv, lang: es
Domain: gostyn24.pl, lang: pl
Domain: wyborcza.pl, lang: pl
Domain: elboletin.com, lang: es
Domain: bilgoraj.com.pl, lang: pl
Domain: kinderzeitmaschine.de, lang: de
Domain: entrelineas.com.mx, lang: es
Domain: depoint.pl, lang: pl
Domain: gostynin24.pl, lang: pl
Domain: appypieautomate.ai, lang: en
Domain: vein.es, lang: es
Domain: lahora.gt, lang: es
Domain: a24.com, lang: es
Domain: brald.com, lang: de
Domain: kinderweltreise.de, lang: de
Domain: tynmagazine.com, lang: es
Domain: sortea2.com, lang: es
Domain: yenimarmaragazetesi.com, lang: id
Domain: tecnoempleo.com, lang: es
Domain: elbierzo.eldiario.es, lang: es
Domain: capital.es, lang: es
Domain: viveusa.mx, lang: es
Domain: perfil.com, lang: es
Domain: mundiario.com, lang: es
Domain: nachonacho.com, lang: en
Domain: it-boltwise.de, lang: de
Domain: lagaceta.com.ar, lang: es
Domain: elchubut.com.ar, lang: es
Domain: diariobitcoin.com, lang: en
Domain: innovaspain.com, lang: es
Successfully saved 40 records to database
ripenapps.com: Querying metrics...
nachonacho.com: Querying metrics...
appypieautomate.ai: Querying metrics...
entrelineas.com.mx: Querying metrics...
freim.tv: Querying metrics...
quinto-poder.mx: Querying metrics...
diariochaco.com: Querying metrics...
tynmagazine.com: Querying metrics...
lahora.gt: Querying metrics...
mundiario.com: Querying metrics...
elboletin.com: Querying metrics...
diariobitcoin.com: Querying metrics...
perfil.com: Querying metrics...
viveusa.mx: Querying metrics...
elchubut.com.ar: Querying metrics...
lagaceta.com.ar: Querying metrics...
quadratin.com.mx: Querying metrics...
elbierzo.eldiario.es: Querying metrics...
sortea2.com: Querying metrics...
it-boltwise.de: Querying metrics...
innovaspain.com: Querying metrics...
capital.es: Querying metrics...
kb.pl: Querying metrics...
vein.es: Querying metrics...
brald.com: Querying metrics...
kinderzeitmaschine.de: Querying metrics...
depoint.pl: Querying metrics...
tecnoempleo.com: Querying metrics...
kinderweltreise.de: Querying metrics...
dziennik.com: Querying metrics...
wyborcza.pl: Querying metrics...
bilgoraj.com.pl: Querying metrics...
gostyn24.pl: Querying metrics...
ino.online: Querying metrics...
elpradopsicologos.es: Querying metrics...
gostynin24.pl: Querying metrics...
webmasto.com: Querying metrics...
mybank.pl: Querying metrics...
yenimarmaragazetesi.com: Querying metrics...
a24.com: Querying metrics...

Saving results to cache...

Saving results to cache...
Results saved to cache file: cache/_site-explorer_metrics-history_20251104_180749.json
Results saved to cache file: cache/_site-explorer_metrics-history_20251104_180749.json
dziennik.com: Querying top pages...
freim.tv: Querying top pages...

Saving results to cache...
Results saved to cache file: cache/_site-explorer_metrics-history_20251104_180749.json
depoint.pl: Querying top pages...

Saving results to cache...

Saving results to cache...

Saving results to cache...
Results saved to cache file: cache/_site-explorer_metrics-history_20251104_180749.json
Results saved to cache file: cache/_site-explorer_metrics-history_20251104_180749.json
Results saved to cache file: cache/_site-explorer_metrics-history_20251104_180749.json

Saving results to cache...
bilgoraj.com.pl: Querying top pages...

Saving results to cache...
Results saved to cache file: cache/_site-explorer_metrics-history_20251104_180750.json
Results saved to cache file: cache/_site-explorer_metrics-history_20251104_180750.json
yenimarmaragazetesi.com: Querying top pages...

Saving results to cache...
kinderzeitmaschine.de: Querying top pages...
Results saved to cache file: cache/_site-explorer_metrics-history_20251104_180750.json

Saving results to cache...
gostynin24.pl: Querying top pages...
Results saved to cache file: cache/_site-explorer_metrics-history_20251104_180750.json
tecnoempleo.com: Querying top pages...
ripenapps.com: Querying top pages...

Saving results to cache...
Results saved to cache file: cache/_site-explorer_metrics-history_20251104_180750.json
vein.es: Querying top pages...

Saving results to cache...
Results saved to cache file: cache/_site-explorer_metrics-history_20251104_180750.json
nachonacho.com: Querying top pages...
webmasto.com: Querying top pages...

Saving results to cache...
Results saved to cache file: cache/_site-explorer_metrics-history_20251104_180750.json
ino.online: Querying top pages...

Saving results to cache...
Results saved to cache file: cache/_site-explorer_metrics-history_20251104_180750.json
brald.com: Querying top pages...

Saving results to cache...
Results saved to cache file: cache/_site-explorer_metrics-history_20251104_180750.json
appypieautomate.ai: Querying top pages...

Saving results to cache...
Results saved to cache file: cache/_site-explorer_metrics-history_20251104_180750.json
elboletin.com: Querying top pages...

Saving results to cache...

Saving results to cache...
Results saved to cache file: cache/_site-explorer_metrics-history_20251104_180750.json
Results saved to cache file: cache/_site-explorer_metrics-history_20251104_180750.json
gostyn24.pl: Querying top pages...
diariobitcoin.com: Querying top pages...

Saving results to cache...
Results saved to cache file: cache/_site-explorer_metrics-history_20251104_180750.json
elchubut.com.ar: Querying top pages...

Saving results to cache...
Results saved to cache file: cache/_site-explorer_metrics-history_20251104_180750.json
it-boltwise.de: Querying top pages...

Saving results to cache...
Results saved to cache file: cache/_site-explorer_metrics-history_20251104_180750.json
sortea2.com: Querying top pages...

Saving results to cache...
Results saved to cache file: cache/_site-explorer_metrics-history_20251104_180750.json

Saving results to cache...
Results saved to cache file: cache/_site-explorer_metrics-history_20251104_180750.json
lahora.gt: Querying top pages...
elpradopsicologos.es: Querying top pages...

Saving results to cache...
Results saved to cache file: cache/_site-explorer_metrics-history_20251104_180750.json

Saving results to cache...
Results saved to cache file: cache/_site-explorer_top-pages_20251104_180750.json
mundiario.com: Querying top pages...

Saving results to cache...
Results saved to cache file: cache/_site-explorer_metrics-history_20251104_180750.json
freim.tv: Querying forbidden_words in backlinks anchors...

Saving results to cache...
Results saved to cache file: cache/_site-explorer_metrics-history_20251104_180750.json
kb.pl: Querying top pages...

Saving results to cache...
[Flusher] 8280a719-28cc-4bc5-bc8a-62955c819821: 0 domains completed
Results saved to cache file: cache/_site-explorer_metrics-history_20251104_180750.json
quinto-poder.mx: Querying top pages...
viveusa.mx: Querying top pages...

Saving results to cache...
Results saved to cache file: cache/_site-explorer_metrics-history_20251104_180750.json
mybank.pl: Querying top pages...

Saving results to cache...
Results saved to cache file: cache/_site-explorer_metrics-history_20251104_180750.json
quadratin.com.mx: Querying top pages...

Saving results to cache...
Results saved to cache file: cache/_site-explorer_top-pages_20251104_180750.json
dziennik.com: Querying forbidden_words in backlinks anchors...

Saving results to cache...
Results saved to cache file: cache/_site-explorer_top-pages_20251104_180750.json

Saving results to cache...
Results saved to cache file: cache/_site-explorer_top-pages_20251104_180750.json
depoint.pl: Querying forbidden_words in backlinks anchors...

Saving results to cache...
bilgoraj.com.pl: Querying forbidden_words in backlinks anchors...

Saving results to cache...

Saving results to cache...

Saving results to cache...
Results saved to cache file: cache/_site-explorer_metrics-history_20251104_180750.json
Results saved to cache file: cache/_site-explorer_metrics-history_20251104_180750.json
Results saved to cache file: cache/_site-explorer_metrics-history_20251104_180750.json
Results saved to cache file: cache/_site-explorer_metrics-history_20251104_180750.json
entrelineas.com.mx: Querying top pages...
tynmagazine.com: Querying top pages...
kinderweltreise.de: Querying top pages...
capital.es: Querying top pages...

Saving results to cache...
Results saved to cache file: cache/_site-explorer_metrics-history_20251104_180750.json
lagaceta.com.ar: Querying top pages...

Saving results to cache...
Results saved to cache file: cache/_site-explorer_top-pages_20251104_180750.json

Saving results to cache...

Saving results to cache...
Results saved to cache file: cache/_site-explorer_top-pages_20251104_180750.json
kinderzeitmaschine.de: Querying forbidden_words in backlinks anchors...
Results saved to cache file: cache/_site-explorer_top-pages_20251104_180750.json

Saving results to cache...
Results saved to cache file: cache/_site-explorer_top-pages_20251104_180750.json

Saving results to cache...

Saving results to cache...
Results saved to cache file: cache/_site-explorer_top-pages_20251104_180750.json
Results saved to cache file: cache/_site-explorer_top-pages_20251104_180750.json
ripenapps.com: Querying forbidden_words in backlinks anchors...

Saving results to cache...
nachonacho.com: Querying forbidden_words in backlinks anchors...

Saving results to cache...
Results saved to cache file: cache/_site-explorer_top-pages_20251104_180750.json
Results saved to cache file: cache/_site-explorer_top-pages_20251104_180750.json

Saving results to cache...
Results saved to cache file: cache/_site-explorer_top-pages_20251104_180750.json
vein.es: Querying forbidden_words in backlinks anchors...

Saving results to cache...

Saving results to cache...
Results saved to cache file: cache/_site-explorer_metrics-history_20251104_180750.json
Results saved to cache file: cache/_site-explorer_top-pages_20251104_180750.json
webmasto.com: Querying forbidden_words in backlinks anchors...

Saving results to cache...
brald.com: Querying forbidden_words in backlinks anchors...

Saving results to cache...

Saving results to cache...
Results saved to cache file: cache/_site-explorer_top-pages_20251104_180750.json
Results saved to cache file: cache/_site-explorer_top-pages_20251104_180750.json
Results saved to cache file: cache/_site-explorer_top-pages_20251104_180750.json
diariochaco.com: Querying top pages...
diariobitcoin.com: Querying forbidden_words in backlinks anchors...
gostyn24.pl: Querying forbidden_words in backlinks anchors...
appypieautomate.ai: Querying forbidden_words in backlinks anchors...

Saving results to cache...

Saving results to cache...
Results saved to cache file: cache/_site-explorer_top-pages_20251104_180750.json

Saving results to cache...

Saving results to cache...
Results saved to cache file: cache/_site-explorer_top-pages_20251104_180750.json
elchubut.com.ar: Querying forbidden_words in backlinks anchors...
Results saved to cache file: cache/_site-explorer_top-pages_20251104_180750.json
Results saved to cache file: cache/_site-explorer_top-pages_20251104_180750.json

Saving results to cache...
lahora.gt: Querying forbidden_words in backlinks anchors...
Results saved to cache file: cache/_site-explorer_top-pages_20251104_180750.json
gostynin24.pl: Querying forbidden_words in backlinks anchors...
elboletin.com: Querying forbidden_words in backlinks anchors...

Saving results to cache...
elpradopsicologos.es: Querying forbidden_words in backlinks anchors...
Results saved to cache file: cache/_site-explorer_top-pages_20251104_180750.json
tecnoempleo.com: Querying forbidden_words in backlinks anchors...
it-boltwise.de: Querying forbidden_words in backlinks anchors...

Saving results to cache...

Saving results to cache...
sortea2.com: Querying forbidden_words in backlinks anchors...
Results saved to cache file: cache/_site-explorer_metrics-history_20251104_180750.json
Results saved to cache file: cache/_site-explorer_all-backlinks_20251104_180750.json
innovaspain.com: Querying top pages...
freim.tv: Querying forbidden_words in outgoing anchors...

Saving results to cache...
Results saved to cache file: cache/_site-explorer_metrics-history_20251104_180750.json
yenimarmaragazetesi.com: Querying forbidden_words in backlinks anchors...
wyborcza.pl: Querying top pages...
ino.online: Querying forbidden_words in backlinks anchors...

Saving results to cache...
Results saved to cache file: cache/_site-explorer_metrics-history_20251104_180751.json
a24.com: Querying top pages...

Saving results to cache...

Saving results to cache...
Results saved to cache file: cache/_site-explorer_all-backlinks_20251104_180751.json
depoint.pl: Querying forbidden_words in outgoing anchors...
Results saved to cache file: cache/_site-explorer_metrics-history_20251104_180751.json
elbierzo.eldiario.es: Querying top pages...

Saving results to cache...
Results saved to cache file: cache/_site-explorer_metrics-history_20251104_180751.json
perfil.com: Querying top pages...

Saving results to cache...
Results saved to cache file: cache/_site-explorer_all-backlinks_20251104_180751.json
bilgoraj.com.pl: Querying forbidden_words in outgoing anchors...

Saving results to cache...

Saving results to cache...
Results saved to cache file: cache/_site-explorer_all-backlinks_20251104_180751.json
Results saved to cache file: cache/_site-explorer_all-backlinks_20251104_180751.json
webmasto.com: Querying forbidden_words in outgoing anchors...
ripenapps.com: Querying forbidden_words in outgoing anchors...

Saving results to cache...
Results saved to cache file: cache/_site-explorer_all-backlinks_20251104_180751.json
nachonacho.com: Querying forbidden_words in outgoing anchors...

Saving results to cache...
Results saved to cache file: cache/_site-explorer_all-backlinks_20251104_180751.json
vein.es: Querying forbidden_words in outgoing anchors...

Saving results to cache...
Results saved to cache file: cache/_site-explorer_linked-anchors-external_20251104_180751.json
freim.tv: Querying forbidden_words in organic keywords...

Saving results to cache...
Results saved to cache file: cache/_site-explorer_linked-anchors-external_20251104_180751.json
depoint.pl: Querying forbidden_words in organic keywords...

Saving results to cache...
Results saved to cache file: cache/_site-explorer_all-backlinks_20251104_180751.json
appypieautomate.ai: Querying forbidden_words in outgoing anchors...

Saving results to cache...
Results saved to cache file: cache/_site-explorer_top-pages_20251104_180751.json

Saving results to cache...
tynmagazine.com: Querying forbidden_words in backlinks anchors...

Saving results to cache...
Results saved to cache file: cache/_site-explorer_top-pages_20251104_180751.json
Results saved to cache file: cache/_site-explorer_top-pages_20251104_180751.json
Saving results to cache...


Saving results to cache...
Results saved to cache file: cache/_site-explorer_top-pages_20251104_180751.json
Results saved to cache file: cache/_site-explorer_top-pages_20251104_180751.json

Saving results to cache...
entrelineas.com.mx: Querying forbidden_words in backlinks anchors...

Saving results to cache...

Saving results to cache...

Saving results to cache...
Results saved to cache file: cache/_site-explorer_top-pages_20251104_180751.json
Results saved to cache file: cache/_site-explorer_top-pages_20251104_180751.json
Results saved to cache file: cache/_site-explorer_top-pages_20251104_180751.json
Results saved to cache file: cache/_site-explorer_top-pages_20251104_180751.json
mybank.pl: Querying forbidden_words in backlinks anchors...

Saving results to cache...

Saving results to cache...
Results saved to cache file: cache/_site-explorer_top-pages_20251104_180751.json
Results saved to cache file: cache/_site-explorer_top-pages_20251104_180751.json
diariochaco.com: Querying forbidden_words in backlinks anchors...

Saving results to cache...
kb.pl: Querying forbidden_words in backlinks anchors...
Results saved to cache file: cache/_site-explorer_all-backlinks_20251104_180751.json
quadratin.com.mx: Querying forbidden_words in backlinks anchors...
brald.com: Querying forbidden_words in outgoing anchors...

Saving results to cache...
Results saved to cache file: cache/_site-explorer_all-backlinks_20251104_180751.json

Saving results to cache...
Results saved to cache file: cache/_site-explorer_top-pages_20251104_180751.json
gostyn24.pl: Querying forbidden_words in outgoing anchors...

Saving results to cache...
innovaspain.com: Querying forbidden_words in backlinks anchors...
Results saved to cache file: cache/_site-explorer_linked-anchors-external_20251104_180751.json
ripenapps.com: Querying forbidden_words in organic keywords...

Saving results to cache...
capital.es: Querying forbidden_words in backlinks anchors...
viveusa.mx: Querying forbidden_words in backlinks anchors...
Results saved to cache file: cache/_site-explorer_all-backlinks_20251104_180751.json
kinderweltreise.de: Querying forbidden_words in backlinks anchors...
elpradopsicologos.es: Querying forbidden_words in outgoing anchors...

Saving results to cache...
Results saved to cache file: cache/_site-explorer_top-pages_20251104_180751.json
lagaceta.com.ar: Querying forbidden_words in backlinks anchors...

Saving results to cache...
quinto-poder.mx: Querying forbidden_words in backlinks anchors...
Results saved to cache file: cache/_site-explorer_all-backlinks_20251104_180751.json
mundiario.com: Querying forbidden_words in backlinks anchors...

Saving results to cache...
Results saved to cache file: cache/_site-explorer_all-backlinks_20251104_180751.json
lahora.gt: Querying forbidden_words in outgoing anchors...
elchubut.com.ar: Querying forbidden_words in outgoing anchors...

Saving results to cache...
Results saved to cache file: cache/_site-explorer_all-backlinks_20251104_180751.json
diariobitcoin.com: Querying forbidden_words in outgoing anchors...

Saving results to cache...
Results saved to cache file: cache/_site-explorer_all-backlinks_20251104_180751.json
yenimarmaragazetesi.com: Querying forbidden_words in outgoing anchors...

Saving results to cache...
Results saved to cache file: cache/_site-explorer_all-backlinks_20251104_180751.json
gostynin24.pl: Querying forbidden_words in outgoing anchors...

Saving results to cache...
Results saved to cache file: cache/_site-explorer_all-backlinks_20251104_180751.json
elboletin.com: Querying forbidden_words in outgoing anchors...

Saving results to cache...
Results saved to cache file: cache/_site-explorer_linked-anchors-external_20251104_180751.json
bilgoraj.com.pl: Querying forbidden_words in organic keywords...

Saving results to cache...
Results saved to cache file: cache/_site-explorer_linked-anchors-external_20251104_180751.json
nachonacho.com: Querying forbidden_words in organic keywords...

Saving results to cache...

Saving results to cache...
Results saved to cache file: cache/_site-explorer_linked-anchors-external_20251104_180751.json
webmasto.com: Querying forbidden_words in organic keywords...
Results saved to cache file: cache/_site-explorer_all-backlinks_20251104_180751.json
ino.online: Querying forbidden_words in outgoing anchors...

Saving results to cache...

Saving results to cache...
Results saved to cache file: cache/_site-explorer_top-pages_20251104_180751.json
Results saved to cache file: cache/_site-explorer_top-pages_20251104_180751.json
a24.com: Querying forbidden_words in backlinks anchors...

Saving results to cache...
wyborcza.pl: Querying forbidden_words in backlinks anchors...

Saving results to cache...
Results saved to cache file: cache/_site-explorer_all-backlinks_20251104_180751.json
Results saved to cache file: cache/_site-explorer_all-backlinks_20251104_180751.json
it-boltwise.de: Querying forbidden_words in outgoing anchors...
dziennik.com: Querying forbidden_words in outgoing anchors...

Saving results to cache...
Results saved to cache file: cache/_site-explorer_top-pages_20251104_180751.json
elbierzo.eldiario.es: Querying forbidden_words in backlinks anchors...

Saving results to cache...
Results saved to cache file: cache/_site-explorer_all-backlinks_20251104_180752.json
tynmagazine.com: Querying forbidden_words in outgoing anchors...

Saving results to cache...
Results saved to cache file: cache/_site-explorer_linked-anchors-external_20251104_180752.json
vein.es: Querying forbidden_words in organic keywords...

Saving results to cache...
Results saved to cache file: cache/_site-explorer_all-backlinks_20251104_180752.json
sortea2.com: Querying forbidden_words in outgoing anchors...

Saving results to cache...
Results saved to cache file: cache/_site-explorer_organic-keywords_20251104_180752.json
depoint.pl: DONE

Saving results to cache...
Results saved to cache file: cache/_site-explorer_all-backlinks_20251104_180752.json
tecnoempleo.com: Querying forbidden_words in outgoing anchors...

Saving results to cache...
Results saved to cache file: cache/_site-explorer_all-backlinks_20251104_180752.json
kb.pl: Querying forbidden_words in outgoing anchors...

Saving results to cache...
Results saved to cache file: cache/_site-explorer_linked-anchors-external_20251104_180752.json
gostyn24.pl: Querying forbidden_words in organic keywords...

Saving results to cache...
Results saved to cache file: cache/_site-explorer_organic-keywords_20251104_180752.json
freim.tv: DONE

Saving results to cache...

Saving results to cache...
Results saved to cache file: cache/_site-explorer_linked-anchors-external_20251104_180752.json
tynmagazine.com: Querying forbidden_words in organic keywords...
Results saved to cache file: cache/_site-explorer_all-backlinks_20251104_180752.json
diariochaco.com: Querying forbidden_words in outgoing anchors...
[Flusher] 8280a719-28cc-4bc5-bc8a-62955c819821: 2 domains completed

Saving results to cache...
Results saved to cache file: cache/_site-explorer_linked-anchors-external_20251104_180752.json
elpradopsicologos.es: Querying forbidden_words in organic keywords...

Saving results to cache...
Results saved to cache file: cache/_site-explorer_linked-anchors-external_20251104_180752.json
brald.com: Querying forbidden_words in organic keywords...

Saving results to cache...
Results saved to cache file: cache/_site-explorer_all-backlinks_20251104_180752.json
entrelineas.com.mx: Querying forbidden_words in outgoing anchors...

Saving results to cache...
Results saved to cache file: cache/_site-explorer_all-backlinks_20251104_180752.json
mybank.pl: Querying forbidden_words in outgoing anchors...

Saving results to cache...
Results saved to cache file: cache/_site-explorer_linked-anchors-external_20251104_180752.json
diariochaco.com: Querying forbidden_words in organic keywords...

Saving results to cache...
Results saved to cache file: cache/_site-explorer_all-backlinks_20251104_180752.json
kinderzeitmaschine.de: Querying forbidden_words in outgoing anchors...

Saving results to cache...
Results saved to cache file: cache/_site-explorer_linked-anchors-external_20251104_180752.json
ino.online: Querying forbidden_words in organic keywords...

Saving results to cache...
Results saved to cache file: cache/_site-explorer_all-backlinks_20251104_180752.json
quinto-poder.mx: Querying forbidden_words in outgoing anchors...

Saving results to cache...

Saving results to cache...
Results saved to cache file: cache/_site-explorer_top-pages_20251104_180752.json
Results saved to cache file: cache/_site-explorer_all-backlinks_20251104_180752.json
perfil.com: Querying forbidden_words in backlinks anchors...
capital.es: Querying forbidden_words in outgoing anchors...

Saving results to cache...
Results saved to cache file: cache/_site-explorer_all-backlinks_20251104_180752.json
innovaspain.com: Querying forbidden_words in outgoing anchors...

Saving results to cache...
Results saved to cache file: cache/_site-explorer_linked-anchors-external_20251104_180752.json
dziennik.com: Querying forbidden_words in organic keywords...

Saving results to cache...
Results saved to cache file: cache/_site-explorer_organic-keywords_20251104_180752.json
ripenapps.com: DONE

Saving results to cache...
Results saved to cache file: cache/_site-explorer_organic-keywords_20251104_180752.json
vein.es: DONE

Saving results to cache...
Results saved to cache file: cache/_site-explorer_organic-keywords_20251104_180752.json
bilgoraj.com.pl: DONE

Saving results to cache...
Results saved to cache file: cache/_site-explorer_linked-anchors-external_20251104_180752.json
gostynin24.pl: Querying forbidden_words in organic keywords...

Saving results to cache...
Results saved to cache file: cache/_site-explorer_organic-keywords_20251104_180752.json
nachonacho.com: DONE

Saving results to cache...

Saving results to cache...
Results saved to cache file: cache/_site-explorer_linked-anchors-external_20251104_180752.json
kinderzeitmaschine.de: Querying forbidden_words in organic keywords...
Results saved to cache file: cache/_site-explorer_linked-anchors-external_20251104_180752.json
tecnoempleo.com: Querying forbidden_words in organic keywords...

Saving results to cache...
Results saved to cache file: cache/_site-explorer_all-backlinks_20251104_180752.json
mundiario.com: Querying forbidden_words in outgoing anchors...

Saving results to cache...
Results saved to cache file: cache/_site-explorer_organic-keywords_20251104_180752.json
webmasto.com: DONE

Saving results to cache...

Saving results to cache...

Saving results to cache...
Results saved to cache file: cache/_site-explorer_linked-anchors-external_20251104_180752.json
yenimarmaragazetesi.com: Querying forbidden_words in organic keywords...
Results saved to cache file: cache/_site-explorer_all-backlinks_20251104_180752.json
Results saved to cache file: cache/_site-explorer_linked-anchors-external_20251104_180752.json
diariobitcoin.com: Querying forbidden_words in organic keywords...
quadratin.com.mx: Querying forbidden_words in outgoing anchors...

Saving results to cache...
Results saved to cache file: cache/_site-explorer_organic-keywords_20251104_180753.json
gostyn24.pl: DONE

Saving results to cache...
Results saved to cache file: cache/_site-explorer_linked-anchors-external_20251104_180753.json
entrelineas.com.mx: Querying forbidden_words in organic keywords...

Saving results to cache...
Results saved to cache file: cache/_site-explorer_linked-anchors-external_20251104_180753.json
capital.es: Querying forbidden_words in organic keywords...

Saving results to cache...
Results saved to cache file: cache/_site-explorer_all-backlinks_20251104_180753.json
elbierzo.eldiario.es: Querying forbidden_words in outgoing anchors...

Saving results to cache...
Results saved to cache file: cache/_site-explorer_linked-anchors-external_20251104_180753.json
mybank.pl: Querying forbidden_words in organic keywords...

Saving results to cache...
Results saved to cache file: cache/_site-explorer_linked-anchors-external_20251104_180753.json
quinto-poder.mx: Querying forbidden_words in organic keywords...

Saving results to cache...
Results saved to cache file: cache/_site-explorer_all-backlinks_20251104_180753.json
a24.com: Querying forbidden_words in outgoing anchors...

Saving results to cache...
Results saved to cache file: cache/_site-explorer_organic-keywords_20251104_180753.json

Saving results to cache...
Results saved to cache file: cache/_site-explorer_organic-keywords_20251104_180753.json
tynmagazine.com: DONE
elpradopsicologos.es: DONE

Saving results to cache...

Saving results to cache...
Results saved to cache file: cache/_site-explorer_linked-anchors-external_20251104_180753.json
Results saved to cache file: cache/_site-explorer_linked-anchors-external_20251104_180753.json
innovaspain.com: Querying forbidden_words in organic keywords...

Saving results to cache...
Results saved to cache file: cache/_site-explorer_organic-keywords_20251104_180753.json
brald.com: DONE
elboletin.com: Querying forbidden_words in organic keywords...

Saving results to cache...
Results saved to cache file: cache/_site-explorer_linked-anchors-external_20251104_180753.json
kb.pl: Querying forbidden_words in organic keywords...

Saving results to cache...
Results saved to cache file: cache/_site-explorer_linked-anchors-external_20251104_180753.json
elchubut.com.ar: Querying forbidden_words in organic keywords...

Saving results to cache...
Results saved to cache file: cache/_site-explorer_organic-keywords_20251104_180753.json
diariochaco.com: DONE

Saving results to cache...
Results saved to cache file: cache/_site-explorer_organic-keywords_20251104_180753.json
ino.online: DONE

Saving results to cache...
Results saved to cache file: cache/_site-explorer_organic-keywords_20251104_180753.json
dziennik.com: DONE

Saving results to cache...
Results saved to cache file: cache/_site-explorer_linked-anchors-external_20251104_180753.json
elbierzo.eldiario.es: Querying forbidden_words in organic keywords...

Saving results to cache...
Results saved to cache file: cache/_site-explorer_organic-keywords_20251104_180753.json
tecnoempleo.com: DONE

Saving results to cache...
Results saved to cache file: cache/_site-explorer_organic-keywords_20251104_180753.json
kinderzeitmaschine.de: DONE

Saving results to cache...
Results saved to cache file: cache/_site-explorer_organic-keywords_20251104_180753.json
yenimarmaragazetesi.com: DONE

Saving results to cache...
Results saved to cache file: cache/_site-explorer_organic-keywords_20251104_180753.json
diariobitcoin.com: DONE

Saving results to cache...
Results saved to cache file: cache/_site-explorer_organic-keywords_20251104_180753.json
entrelineas.com.mx: DONE

Saving results to cache...
Results saved to cache file: cache/_site-explorer_organic-keywords_20251104_180753.json
mybank.pl: DONE

Saving results to cache...
Results saved to cache file: cache/_site-explorer_organic-keywords_20251104_180753.json
gostynin24.pl: DONE

Saving results to cache...
Results saved to cache file: cache/_site-explorer_organic-keywords_20251104_180753.json
innovaspain.com: DONE

Saving results to cache...
Results saved to cache file: cache/_site-explorer_organic-keywords_20251104_180753.json
elboletin.com: DONE

Saving results to cache...
Results saved to cache file: cache/_site-explorer_organic-keywords_20251104_180753.json
quinto-poder.mx: DONE

Saving results to cache...
Results saved to cache file: cache/_site-explorer_all-backlinks_20251104_180754.json
lagaceta.com.ar: Querying forbidden_words in outgoing anchors...

Saving results to cache...
Results saved to cache file: cache/_site-explorer_organic-keywords_20251104_180754.json
elchubut.com.ar: DONE

Saving results to cache...
Results saved to cache file: cache/_site-explorer_organic-keywords_20251104_180754.json
kb.pl: DONE

Saving results to cache...
Results saved to cache file: cache/_site-explorer_organic-keywords_20251104_180754.json
elbierzo.eldiario.es: DONE
[Flusher] 8280a719-28cc-4bc5-bc8a-62955c819821: 27 domains completed

Saving results to cache...
Results saved to cache file: cache/_site-explorer_all-backlinks_20251104_180754.json
kinderweltreise.de: Querying forbidden_words in outgoing anchors...

Saving results to cache...
Results saved to cache file: cache/_site-explorer_linked-anchors-external_20251104_180754.jsonWARNI [root] safe_query_per_domain failed for appypieautomate.ai: 500 Server Error: Internal Server Error for url: https://api.ahrefs.com/v3/site-explorer/linked-anchors-external?target=appypieautomate.ai&protocol=both&mode=subdomains&select=anchor%2Cdofollow_links&where=%7B%22or%22%3A+%5B%7B%22field%22%3A+%22anchor%22%2C+%22modifier%22%3A+%22lowercase%22%2C+%22is%22%3A+%5B%22phrase_match%22%2C+%22porn%22%5D%7D%2C+%7B%22field%22%3A+%22anchor%22%2C+%22modifier%22%3A+%22lowercase%22%2C+%22is%22%3A+%5B%22phrase_match%22%2C+%22pornography%22%5D%7D%2C+%7B%22field%22%3A+%22anchor%22%2C+%22modifier%22%3A+%22lowercase%22%2C+%22is%22%3A+%5B%22phrase_match%22%2C+%22drug%22%5D%7D%2C+%7B%22field%22%3A+%22anchor%22%2C+%22modifier%22%3A+%22lowercase%22%2C+%22is%22%3A+%5B%22phrase_match%22%2C+%22drugs%22%5D%7D%2C+%7B%22field%22%3A+%22anchor%22%2C+%22modifier%22%3A+%22lowercase%22%2C+%22is%22%3A+%5B%22phrase_match%22%2C+%22onlyfans%22%5D%7D%2C+%7B%22field%22%3A+%22anchor%22%2C+%22modifier%22%3A+%22lowercase%22%2C+%22is%22%3A+%5B%22phrase_match%22%2C+%22escort%22%5D%7D%2C+%7B%22field%22%3A+%22anchor%22%2C+%22modifier%22%3A+%22lowercase%22%2C+%22is%22%3A+%5B%22phrase_match%22%2C+%22escorts%22%5D%7D%2C+%7B%22field%22%3A+%22anchor%22%2C+%22modifier%22%3A+%22lowercase%22%2C+%22is%22%3A+%5B%22phrase_match%22%2C+%22cbd%22%5D%7D%2C+%7B%22field%22%3A+%22anchor%22%2C+%22modifier%22%3A+%22lowercase%22%2C+%22is%22%3A+%5B%22phrase_match%22%2C+%22sex%22%5D%7D%2C+%7B%22field%22%3A+%22anchor%22%2C+%22modifier%22%3A+%22lowercase%22%2C+%22is%22%3A+%5B%22phrase_match%22%2C+%22sexual%22%5D%7D%2C+%7B%22field%22%3A+%22anchor%22%2C+%22modifier%22%3A+%22lowercase%22%2C+%22is%22%3A+%5B%22phrase_match%22%2C+%22adult%22%5D%7D%2C+%7B%22field%22%3A+%22anchor%22%2C+%22modifier%22%3A+%22lowercase%22%2C+%22is%22%3A+%5B%22phrase_match%22%2C+%22adults%22%5D%7D%2C+%7B%22field%22%3A+%22anchor%22%2C+%22modifier%22%3A+%22lowercase%22%2C+%22is%22%3A+%5B%22phrase_match%22%2C+%22dating%22%5D%7D%2C+%7B%22field%22%3A+%22anchor%22%2C+%22modifier%22%3A+%22lowercase%22%2C+%22is%22%3A+%5B%22phrase_match%22%2C+%22cannabis%22%5D%7D%2C+%7B%22field%22%3A+%22anchor%22%2C+%22modifier%22%3A+%22lowercase%22%2C+%22is%22%3A+%5B%22phrase_match%22%2C+%22marijuana%22%5D%7D%2C+%7B%22field%22%3A+%22anchor%22%2C+%22modifier%22%3A+%22lowercase%22%2C+%22is%22%3A+%5B%22phrase_match%22%2C+%22casino%22%5D%7D%2C+%7B%22field%22%3A+%22anchor%22%2C+%22modifier%22%3A+%22lowercase%22%2C+%22is%22%3A+%5B%22phrase_match%22%2C+%22casinos%22%5D%7D%2C+%7B%22field%22%3A+%22anchor%22%2C+%22modifier%22%3A+%22lowercase%22%2C+%22is%22%3A+%5B%22phrase_match%22%2C+%22slots%22%5D%7D%2C+%7B%22field%22%3A+%22anchor%22%2C+%22modifier%22%3A+%22lowercase%22%2C+%22is%22%3A+%5B%22phrase_match%22%2C+%22slot%22%5D%7D%2C+%7B%22field%22%3A+%22anchor%22%2C+%22modifier%22%3A+%22lowercase%22%2C+%22is%22%3A+%5B%22phrase_match%22%2C+%22betting%22%5D%7D%5D%7D
WARNI [root] safe_query_per_domain failed for wyborcza.pl: 500 Server Error: Internal Server Error for url: https://api.ahrefs.com/v3/site-explorer/linked-anchors-external?target=wyborcza.pl&protocol=both&mode=subdomains&select=anchor%2Cdofollow_links&where=%7B%22or%22%3A+%5B%7B%22field%22%3A+%22anchor%22%2C+%22modifier%22%3A+%22lowercase%22%2C+%22is%22%3A+%5B%22phrase_match%22%2C+%22pornografia%22%5D%7D%2C+%7B%22field%22%3A+%22anchor%22%2C+%22modifier%22%3A+%22lowercase%22%2C+%22is%22%3A+%5B%22phrase_match%22%2C+%22porno%22%5D%7D%2C+%7B%22field%22%3A+%22anchor%22%2C+%22modifier%22%3A+%22lowercase%22%2C+%22is%22%3A+%5B%22phrase_match%22%2C+%22narkotyk%22%5D%7D%2C+%7B%22field%22%3A+%22anchor%22%2C+%22modifier%22%3A+%22lowercase%22%2C+%22is%22%3A+%5B%22phrase_match%22%2C+%22narkotyki%22%5D%7D%2C+%7B%22field%22%3A+%22anchor%22%2C+%22modifier%22%3A+%22lowercase%22%2C+%22is%22%3A+%5B%22phrase_match%22%2C+%22onlyfans%22%5D%7D%2C+%7B%22field%22%3A+%22anchor%22%2C+%22modifier%22%3A+%22lowercase%22%2C+%22is%22%3A+%5B%22phrase_match%22%2C+%22escort%22%5D%7D%2C+%7B%22field%22%3A+%22anchor%22%2C+%22modifier%22%3A+%22lowercase%22%2C+%22is%22%3A+%5B%22phrase_match%22%2C+%22eskorta%22%5D%7D%2C+%7B%22field%22%3A+%22anchor%22%2C+%22modifier%22%3A+%22lowercase%22%2C+%22is%22%3A+%5B%22phrase_match%22%2C+%22cbd%22%5D%7D%2C+%7B%22field%22%3A+%22anchor%22%2C+%22modifier%22%3A+%22lowercase%22%2C+%22is%22%3A+%5B%22phrase_match%22%2C+%22seks%22%5D%7D%2C+%7B%22field%22%3A+%22anchor%22%2C+%22modifier%22%3A+%22lowercase%22%2C+%22is%22%3A+%5B%22phrase_match%22%2C+%22seksualny%22%5D%7D%2C+%7B%22field%22%3A+%22anchor%22%2C+%22modifier%22%3A+%22lowercase%22%2C+%22is%22%3A+%5B%22phrase_match%22%2C+%22dla+doros%5Cu0142ych%22%5D%7D%2C+%7B%22field%22%3A+%22anchor%22%2C+%22modifier%22%3A+%22lowercase%22%2C+%22is%22%3A+%5B%22phrase_match%22%2C+%22dla+doroslych%22%5D%7D%2C+%7B%22field%22%3A+%22anchor%22%2C+%22modifier%22%3A+%22lowercase%22%2C+%22is%22%3A+%5B%22phrase_match%22%2C+%22randki%22%5D%7D%2C+%7B%22field%22%3A+%22anchor%22%2C+%22modifier%22%3A+%22lowercase%22%2C+%22is%22%3A+%5B%22phrase_match%22%2C+%22randka%22%5D%7D%2C+%7B%22field%22%3A+%22anchor%22%2C+%22modifier%22%3A+%22lowercase%22%2C+%22is%22%3A+%5B%22phrase_match%22%2C+%22konopia%22%5D%7D%2C+%7B%22field%22%3A+%22anchor%22%2C+%22modifier%22%3A+%22lowercase%22%2C+%22is%22%3A+%5B%22phrase_match%22%2C+%22konopie%22%5D%7D%2C+%7B%22field%22%3A+%22anchor%22%2C+%22modifier%22%3A+%22lowercase%22%2C+%22is%22%3A+%5B%22phrase_match%22%2C+%22cannabis%22%5D%7D%2C+%7B%22field%22%3A+%22anchor%22%2C+%22modifier%22%3A+%22lowercase%22%2C+%22is%22%3A+%5B%22phrase_match%22%2C+%22marihuana%22%5D%7D%2C+%7B%22field%22%3A+%22anchor%22%2C+%22modifier%22%3A+%22lowercase%22%2C+%22is%22%3A+%5B%22phrase_match%22%2C+%22casino%22%5D%7D%2C+%7B%22field%22%3A+%22anchor%22%2C+%22modifier%22%3A+%22lowercase%22%2C+%22is%22%3A+%5B%22phrase_match%22%2C+%22kasyno%22%5D%7D%2C+%7B%22field%22%3A+%22anchor%22%2C+%22modifier%22%3A+%22lowercase%22%2C+%22is%22%3A+%5B%22phrase_match%22%2C+%22kasyna%22%5D%7D%2C+%7B%22field%22%3A+%22anchor%22%2C+%22modifier%22%3A+%22lowercase%22%2C+%22is%22%3A+%5B%22phrase_match%22%2C+%22automaty%22%5D%7D%2C+%7B%22field%22%3A+%22anchor%22%2C+%22modifier%22%3A+%22lowercase%22%2C+%22is%22%3A+%5B%22phrase_match%22%2C+%22sloty%22%5D%7D%2C+%7B%22field%22%3A+%22anchor%22%2C+%22modifier%22%3A+%22lowercase%22%2C+%22is%22%3A+%5B%22phrase_match%22%2C+%22zak%5Cu0142ady%22%5D%7D%2C+%7B%22field%22%3A+%22anchor%22%2C+%22modifier%22%3A+%22lowercase%22%2C+%22is%22%3A+%5B%22phrase_match%22%2C+%22zaklady%22%5D%7D%2C+%7B%22field%22%3A+%22anchor%22%2C+%22modifier%22%3A+%22lowercase%22%2C+%22is%22%3A+%5B%22phrase_match%22%2C+%22zak%5Cu0142ady+sportowe%22%5D%7D%2C+%7B%22field%22%3A+%22anchor%22%2C+%22modifier%22%3A+%22lowercase%22%2C+%22is%22%3A+%5B%22phrase_match%22%2C+%22zaklady+sportowe%22%5D%7D%2C+%7B%22field%22%3A+%22anchor%22%2C+%22modifier%22%3A+%22lowercase%22%2C+%22is%22%3A+%5B%22phrase_match%22%2C+%22zak%5Cu0142ady+bukmacherskie%22%5D%7D%2C+%7B%22field%22%3A+%22anchor%22%2C+%22modifier%22%3A+%22lowercase%22%2C+%22is%22%3A+%5B%22phrase_match%22%2C+%22zaklady+bukmacherskie%22%5D%7D%5D%7D

lahora.gt: Querying forbidden_words in organic keywords...

Saving results to cache...
Results saved to cache file: cache/_site-explorer_organic-keywords_20251104_180754.json
capital.es: DONE

Saving results to cache...
Results saved to cache file: cache/_site-explorer_linked-anchors-external_20251104_180755.json
sortea2.com: Querying forbidden_words in organic keywords...

Saving results to cache...
Results saved to cache file: cache/_site-explorer_linked-anchors-external_20251104_180755.json
kinderweltreise.de: Querying forbidden_words in organic keywords...

Saving results to cache...
Results saved to cache file: cache/_site-explorer_organic-keywords_20251104_180755.json
lahora.gt: DONE

Saving results to cache...
Results saved to cache file: cache/_site-explorer_organic-keywords_20251104_180755.json
sortea2.com: DONE

Saving results to cache...
Results saved to cache file: cache/_site-explorer_organic-keywords_20251104_180755.json
kinderweltreise.de: DONE
[Flusher] 8280a719-28cc-4bc5-bc8a-62955c819821: 31 domains completed

Saving results to cache...
Results saved to cache file: cache/_site-explorer_linked-anchors-external_20251104_180756.json
lagaceta.com.ar: Querying forbidden_words in organic keywords...

Saving results to cache...
Results saved to cache file: cache/_site-explorer_linked-anchors-external_20251104_180756.json
a24.com: Querying forbidden_words in organic keywords...

Saving results to cache...
Results saved to cache file: cache/_site-explorer_all-backlinks_20251104_180756.json
viveusa.mx: Querying forbidden_words in outgoing anchors...

Saving results to cache...
Results saved to cache file: cache/_site-explorer_organic-keywords_20251104_180757.json
lagaceta.com.ar: DONE

Saving results to cache...
Results saved to cache file: cache/_site-explorer_organic-keywords_20251104_180757.json
a24.com: DONE

Saving results to cache...
Results saved to cache file: cache/_site-explorer_linked-anchors-external_20251104_180757.json
quadratin.com.mx: Querying forbidden_words in organic keywords...
[Flusher] 8280a719-28cc-4bc5-bc8a-62955c819821: 33 domains completed

Saving results to cache...
Results saved to cache file: cache/_site-explorer_linked-anchors-external_20251104_180758.json
viveusa.mx: Querying forbidden_words in organic keywords...

Saving results to cache...

Saving results to cache...
Results saved to cache file: cache/_site-explorer_organic-keywords_20251104_180758.json
Results saved to cache file: cache/_site-explorer_all-backlinks_20251104_180758.json
quadratin.com.mx: DONE
wyborcza.pl: Querying forbidden_words in outgoing anchors...

Saving results to cache...
Results saved to cache file: cache/_site-explorer_all-backlinks_20251104_180758.json
perfil.com: Querying forbidden_words in outgoing anchors...

Saving results to cache...
Results saved to cache file: cache/_site-explorer_organic-keywords_20251104_180759.json
viveusa.mx: DONE

Saving results to cache...
Results saved to cache file: cache/_site-explorer_linked-anchors-external_20251104_180759.json
mundiario.com: Querying forbidden_words in organic keywords...

Saving results to cache...
Results saved to cache file: cache/_site-explorer_organic-keywords_20251104_180800.json
mundiario.com: DONE
[Flusher] 8280a719-28cc-4bc5-bc8a-62955c819821: 36 domains completed
[Flusher] 8280a719-28cc-4bc5-bc8a-62955c819821: 36 domains completed

Saving results to cache...
Results saved to cache file: cache/_site-explorer_linked-anchors-external_20251104_180803.json
perfil.com: Querying forbidden_words in organic keywords...
[Flusher] 8280a719-28cc-4bc5-bc8a-62955c819821: 36 domains completed

Saving results to cache...
Results saved to cache file: cache/_site-explorer_organic-keywords_20251104_180804.json
perfil.com: DONE
[Flusher] 8280a719-28cc-4bc5-bc8a-62955c819821: 37 domains completed

Saving results to cache...
Results saved to cache file: cache/_site-explorer_linked-anchors-external_20251104_180806.json
it-boltwise.de: Querying forbidden_words in organic keywords...
appypieautomate.ai: Querying forbidden_words in organic keywords...

Saving results to cache...
Results saved to cache file: cache/_site-explorer_organic-keywords_20251104_180807.json
appypieautomate.ai: DONE

Saving results to cache...
Results saved to cache file: cache/_site-explorer_organic-keywords_20251104_180807.json
it-boltwise.de: DONE
[Flusher] 8280a719-28cc-4bc5-bc8a-62955c819821: 39 domains completed
[Flusher] 8280a719-28cc-4bc5-bc8a-62955c819821: 39 domains completed
[Flusher] 8280a719-28cc-4bc5-bc8a-62955c819821: 39 domains completed
wyborcza.pl: Querying forbidden_words in organic keywords...
[Flusher] 8280a719-28cc-4bc5-bc8a-62955c819821: 39 domains completed

Saving results to cache...
Results saved to cache file: cache/_site-explorer_organic-keywords_20251104_180814.json
wyborcza.pl: DONE
[Flusher] 8280a719-28cc-4bc5-bc8a-62955c819821: 40 domains completed
ALL DATA EXTRACTED, success: 40 failures: 0
✅ Data extraction completed
